lab5/build/app/intermediates/manifest_merge_blame_file/debug/manifest-merger-blame-debug-report.txt
1<?xml version="1.0" encoding="utf-8"?>
2<manifest xmlns:android="http://schemas.android.com/apk/res/android"
3    package="com.example.lab3"
4    android:versionCode="1"
5    android:versionName="1.0.0" >
6
7    <uses-sdk
8        android:minSdkVersion="21"
9        android:targetSdkVersion="33" />
10    <!--
11         The INTERNET permission is required for development. Specifically,
12         the Flutter tool needs it to communicate with the running application
13         to allow setting breakpoints, to provide hot reload, etc.
14    -->
15    <uses-permission android:name="android.permission.INTERNET" />
15-->src\debug\AndroidManifest.xml:6:5-66
15-->src\debug\AndroidManifest.xml:6:22-64
16    <uses-permission android:name="android.permission.POST_NOTIFICATIONS" />
16-->[:awesome_notifications] AndroidManifest.xml:9:5-77
16-->[:awesome_notifications] AndroidManifest.xml:9:22-74
17    <uses-permission android:name="android.permission.BROADCAST_CLOSE_SYSTEM_DIALOGS" />
17-->[:awesome_notifications] AndroidManifest.xml:10:5-89
17-->[:awesome_notifications] AndroidManifest.xml:10:22-86
18    <uses-permission android:name="android.permission.RECEIVE_BOOT_COMPLETED" />
18-->[:awesome_notifications] AndroidManifest.xml:11:5-81
18-->[:awesome_notifications] AndroidManifest.xml:11:22-78
19    <uses-permission android:name="android.permission.VIBRATE" />
19-->[:awesome_notifications] AndroidManifest.xml:12:5-66
19-->[:awesome_notifications] AndroidManifest.xml:12:22-63
20    <uses-permission
20-->[me.carda:AndroidAwnCore:0.8.3] AndroidManifest.xml:10:5-12:38
21        android:name="android.permission.BIND_NOTIFICATION_LISTENER_SERVICE"
21-->[me.carda:AndroidAwnCore:0.8.3] AndroidManifest.xml:11:9-77
22        android:maxSdkVersion="22" />
22-->[me.carda:AndroidAwnCore:0.8.3] AndroidManifest.xml:12:9-35
23    <uses-permission android:name="android.permission.ACCESS_NETWORK_STATE" />
23-->[com.google.firebase:firebase-auth:22.3.1] AndroidManifest.xml:26:5-79
23-->[com.google.firebase:firebase-auth:22.3.1] AndroidManifest.xml:26:22-76
24    <uses-permission android:name="android.permission.WAKE_LOCK" />
24-->[com.google.android.gms:play-services-measurement-api:21.5.0] AndroidManifest.xml:24:5-68
24-->[com.google.android.gms:play-services-measurement-api:21.5.0] AndroidManifest.xml:24:22-65
25    <uses-permission android:name="com.google.android.gms.permission.AD_ID" />
25-->[com.google.android.gms:play-services-measurement-api:21.5.0] AndroidManifest.xml:25:5-79
25-->[com.google.android.gms:play-services-measurement-api:21.5.0] AndroidManifest.xml:25:22-76
26    <uses-permission android:name="android.permission.ACCESS_ADSERVICES_ATTRIBUTION" />
26-->[com.google.android.gms:play-services-measurement-api:21.5.0] AndroidManifest.xml:26:5-88
26-->[com.google.android.gms:play-services-measurement-api:21.5.0] AndroidManifest.xml:26:22-85
27    <uses-permission android:name="android.permission.ACCESS_ADSERVICES_AD_ID" />
27-->[com.google.android.gms:play-services-measurement-api:21.5.0] AndroidManifest.xml:27:5-82
27-->[com.google.android.gms:play-services-measurement-api:21.5.0] AndroidManifest.xml:27:22-79
28    <uses-permission android:name="com.google.android.providers.gsf.permission.READ_GSERVICES" />
28-->[com.google.android.recaptcha:recaptcha:18.4.0] AndroidManifest.xml:9:5-98
28-->[com.google.android.recaptcha:recaptcha:18.4.0] AndroidManifest.xml:9:22-95
29    <uses-permission android:name="com.google.android.finsky.permission.BIND_GET_INSTALL_REFERRER_SERVICE" />
29-->[com.google.android.gms:play-services-measurement:21.5.0] AndroidManifest.xml:26:5-110
29-->[com.google.android.gms:play-services-measurement:21.5.0] AndroidManifest.xml:26:22-107
30
31    <permission
31-->[androidx.core:core:1.10.1] AndroidManifest.xml:22:5-24:47
32        android:name="com.example.lab3.DYNAMIC_RECEIVER_NOT_EXPORTED_PERMISSION"
32-->[androidx.core:core:1.10.1] AndroidManifest.xml:23:9-81
33        android:protectionLevel="signature" />
33-->[androidx.core:core:1.10.1] AndroidManifest.xml:24:9-44
34
35    <uses-permission android:name="com.example.lab3.DYNAMIC_RECEIVER_NOT_EXPORTED_PERMISSION" /> <!-- for android -->
35-->[androidx.core:core:1.10.1] AndroidManifest.xml:26:5-97
35-->[androidx.core:core:1.10.1] AndroidManifest.xml:26:22-94
36    <!-- <uses-permission android:name="com.android.launcher.permission.READ_SETTINGS"/> -->
37    <!-- <uses-permission android:name="com.android.launcher.permission.WRITE_SETTINGS"/> -->
38    <!-- <uses-permission android:name="com.android.launcher.permission.INSTALL_SHORTCUT" /> -->
39    <!-- <uses-permission android:name="com.android.launcher.permission.UNINSTALL_SHORTCUT" /> -->
40    <!-- for Samsung -->
41    <uses-permission android:name="com.sec.android.provider.badge.permission.READ" />
41-->[me.leolin:ShortcutBadger:1.1.22] AndroidManifest.xml:19:5-86
41-->[me.leolin:ShortcutBadger:1.1.22] AndroidManifest.xml:19:22-83
42    <uses-permission android:name="com.sec.android.provider.badge.permission.WRITE" /> <!-- for htc -->
42-->[me.leolin:ShortcutBadger:1.1.22] AndroidManifest.xml:20:5-87
42-->[me.leolin:ShortcutBadger:1.1.22] AndroidManifest.xml:20:22-84
43    <uses-permission android:name="com.htc.launcher.permission.READ_SETTINGS" />
43-->[me.leolin:ShortcutBadger:1.1.22] AndroidManifest.xml:23:5-81
43-->[me.leolin:ShortcutBadger:1.1.22] AndroidManifest.xml:23:22-78
44    <uses-permission android:name="com.htc.launcher.permission.UPDATE_SHORTCUT" /> <!-- for sony -->
44-->[me.leolin:ShortcutBadger:1.1.22] AndroidManifest.xml:24:5-83
44-->[me.leolin:ShortcutBadger:1.1.22] AndroidManifest.xml:24:22-80
45    <uses-permission android:name="com.sonyericsson.home.permission.BROADCAST_BADGE" />
45-->[me.leolin:ShortcutBadger:1.1.22] AndroidManifest.xml:27:5-88
45-->[me.leolin:ShortcutBadger:1.1.22] AndroidManifest.xml:27:22-85
46    <uses-permission android:name="com.sonymobile.home.permission.PROVIDER_INSERT_BADGE" /> <!-- for apex -->
46-->[me.leolin:ShortcutBadger:1.1.22] AndroidManifest.xml:28:5-92
46-->[me.leolin:ShortcutBadger:1.1.22] AndroidManifest.xml:28:22-89
47    <uses-permission android:name="com.anddoes.launcher.permission.UPDATE_COUNT" /> <!-- for solid -->
47-->[me.leolin:ShortcutBadger:1.1.22] AndroidManifest.xml:31:5-84
47-->[me.leolin:ShortcutBadger:1.1.22] AndroidManifest.xml:31:22-81
48    <uses-permission android:name="com.majeur.launcher.permission.UPDATE_BADGE" /> <!-- for huawei -->
48-->[me.leolin:ShortcutBadger:1.1.22] AndroidManifest.xml:34:5-83
48-->[me.leolin:ShortcutBadger:1.1.22] AndroidManifest.xml:34:22-80
49    <uses-permission android:name="com.huawei.android.launcher.permission.CHANGE_BADGE" />
49-->[me.leolin:ShortcutBadger:1.1.22] AndroidManifest.xml:37:5-91
49-->[me.leolin:ShortcutBadger:1.1.22] AndroidManifest.xml:37:22-88
50    <uses-permission android:name="com.huawei.android.launcher.permission.READ_SETTINGS" />
50-->[me.leolin:ShortcutBadger:1.1.22] AndroidManifest.xml:38:5-92
50-->[me.leolin:ShortcutBadger:1.1.22] AndroidManifest.xml:38:22-89
51    <uses-permission android:name="com.huawei.android.launcher.permission.WRITE_SETTINGS" /> <!-- for ZUK -->
51-->[me.leolin:ShortcutBadger:1.1.22] AndroidManifest.xml:39:5-93
51-->[me.leolin:ShortcutBadger:1.1.22] AndroidManifest.xml:39:22-90
52    <uses-permission android:name="android.permission.READ_APP_BADGE" /> <!-- for OPPO -->
52-->[me.leolin:ShortcutBadger:1.1.22] AndroidManifest.xml:42:5-73
52-->[me.leolin:ShortcutBadger:1.1.22] AndroidManifest.xml:42:22-70
53    <uses-permission android:name="com.oppo.launcher.permission.READ_SETTINGS" />
53-->[me.leolin:ShortcutBadger:1.1.22] AndroidManifest.xml:45:5-82
53-->[me.leolin:ShortcutBadger:1.1.22] AndroidManifest.xml:45:22-79
54    <uses-permission android:name="com.oppo.launcher.permission.WRITE_SETTINGS" /> <!-- for EvMe -->
54-->[me.leolin:ShortcutBadger:1.1.22] AndroidManifest.xml:46:5-83
54-->[me.leolin:ShortcutBadger:1.1.22] AndroidManifest.xml:46:22-80
55    <uses-permission android:name="me.everything.badger.permission.BADGE_COUNT_READ" />
55-->[me.leolin:ShortcutBadger:1.1.22] AndroidManifest.xml:49:5-88
55-->[me.leolin:ShortcutBadger:1.1.22] AndroidManifest.xml:49:22-85
56    <uses-permission android:name="me.everything.badger.permission.BADGE_COUNT_WRITE" />
56-->[me.leolin:ShortcutBadger:1.1.22] AndroidManifest.xml:50:5-89
56-->[me.leolin:ShortcutBadger:1.1.22] AndroidManifest.xml:50:22-86
57
58    <application
59        android:name="android.app.Application"
60        android:appComponentFactory="androidx.core.app.CoreComponentFactory"
60-->[androidx.core:core:1.10.1] AndroidManifest.xml:28:18-86
61        android:debuggable="true"
62        android:icon="@mipmap/ic_launcher"
63        android:label="lab3" >
64        <activity
65            android:name="com.example.lab3.MainActivity"
66            android:configChanges="orientation|keyboardHidden|keyboard|screenSize|smallestScreenSize|locale|layoutDirection|fontScale|screenLayout|density|uiMode"
67            android:exported="true"
68            android:hardwareAccelerated="true"
69            android:launchMode="singleTop"
70            android:theme="@style/LaunchTheme"
71            android:windowSoftInputMode="adjustResize" >
72
73            <!--
74                 Specifies an Android theme to apply to this Activity as soon as
75                 the Android process has started. This theme is visible to the user
76                 while the Flutter UI initializes. After that, this theme continues
77                 to determine the Window background behind the Flutter UI.
78            -->
79            <meta-data
80                android:name="io.flutter.embedding.android.NormalTheme"
81                android:resource="@style/NormalTheme" />
82
83            <intent-filter>
84                <action android:name="android.intent.action.MAIN" />
85
86                <category android:name="android.intent.category.LAUNCHER" />
87            </intent-filter>
88        </activity>
89        <!--
90             Don't delete the meta-data below.
91             This is used by the Flutter tool to generate GeneratedPluginRegistrant.java
92        -->
93        <meta-data
94            android:name="flutterEmbedding"
95            android:value="2" />
96
97        <service
97-->[:firebase_auth] AndroidManifest.xml:10:9-14:19
98            android:name="com.google.firebase.components.ComponentDiscoveryService"
98-->[:firebase_auth] AndroidManifest.xml:10:18-89
99            android:directBootAware="true"
99-->[com.google.firebase:firebase-common:20.4.2] AndroidManifest.xml:32:13-43
100            android:exported="false" >
100-->[com.google.firebase:firebase-auth:22.3.1] AndroidManifest.xml:68:13-37
101            <meta-data
101-->[:firebase_auth] AndroidManifest.xml:11:13-13:85
102                android:name="com.google.firebase.components:io.flutter.plugins.firebase.auth.FlutterFirebaseAuthRegistrar"
102-->[:firebase_auth] AndroidManifest.xml:12:17-124
103                android:value="com.google.firebase.components.ComponentRegistrar" />
103-->[:firebase_auth] AndroidManifest.xml:13:17-82
104            <meta-data
104-->[:firebase_core] AndroidManifest.xml:11:13-13:85
105                android:name="com.google.firebase.components:io.flutter.plugins.firebase.core.FlutterFirebaseCoreRegistrar"
105-->[:firebase_core] AndroidManifest.xml:12:17-124
106                android:value="com.google.firebase.components.ComponentRegistrar" />
106-->[:firebase_core] AndroidManifest.xml:13:17-82
107            <meta-data
107-->[com.google.firebase:firebase-auth:22.3.1] AndroidManifest.xml:69:13-71:85
108                android:name="com.google.firebase.components:com.google.firebase.auth.FirebaseAuthRegistrar"
108-->[com.google.firebase:firebase-auth:22.3.1] AndroidManifest.xml:70:17-109
109                android:value="com.google.firebase.components.ComponentRegistrar" />
109-->[com.google.firebase:firebase-auth:22.3.1] AndroidManifest.xml:71:17-82
110            <meta-data
110-->[com.google.android.gms:play-services-measurement-api:21.5.0] AndroidManifest.xml:37:13-39:85
111                android:name="com.google.firebase.components:com.google.firebase.analytics.connector.internal.AnalyticsConnectorRegistrar"
111-->[com.google.android.gms:play-services-measurement-api:21.5.0] AndroidManifest.xml:38:17-139
112                android:value="com.google.firebase.components.ComponentRegistrar" />
112-->[com.google.android.gms:play-services-measurement-api:21.5.0] AndroidManifest.xml:39:17-82
113            <meta-data
113-->[com.google.firebase:firebase-installations:17.2.0] AndroidManifest.xml:15:13-17:85
114                android:name="com.google.firebase.components:com.google.firebase.installations.FirebaseInstallationsKtxRegistrar"
114-->[com.google.firebase:firebase-installations:17.2.0] AndroidManifest.xml:16:17-130
115                android:value="com.google.firebase.components.ComponentRegistrar" />
115-->[com.google.firebase:firebase-installations:17.2.0] AndroidManifest.xml:17:17-82
116            <meta-data
116-->[com.google.firebase:firebase-installations:17.2.0] AndroidManifest.xml:18:13-20:85
117                android:name="com.google.firebase.components:com.google.firebase.installations.FirebaseInstallationsRegistrar"
117-->[com.google.firebase:firebase-installations:17.2.0] AndroidManifest.xml:19:17-127
118                android:value="com.google.firebase.components.ComponentRegistrar" />
118-->[com.google.firebase:firebase-installations:17.2.0] AndroidManifest.xml:20:17-82
119            <meta-data
119-->[com.google.firebase:firebase-common-ktx:20.4.2] AndroidManifest.xml:12:13-14:85
120                android:name="com.google.firebase.components:com.google.firebase.ktx.FirebaseCommonLegacyRegistrar"
120-->[com.google.firebase:firebase-common-ktx:20.4.2] AndroidManifest.xml:13:17-116
121                android:value="com.google.firebase.components.ComponentRegistrar" />
121-->[com.google.firebase:firebase-common-ktx:20.4.2] AndroidManifest.xml:14:17-82
122            <meta-data
122-->[com.google.firebase:firebase-common:20.4.2] AndroidManifest.xml:35:13-37:85
123                android:name="com.google.firebase.components:com.google.firebase.FirebaseCommonKtxRegistrar"
123-->[com.google.firebase:firebase-common:20.4.2] AndroidManifest.xml:36:17-109
124                android:value="com.google.firebase.components.ComponentRegistrar" />
124-->[com.google.firebase:firebase-common:20.4.2] AndroidManifest.xml:37:17-82
125        </service>
126        <service
126-->[:geolocator_android] AndroidManifest.xml:10:9-14:56
127            android:name="com.baseflow.geolocator.GeolocatorLocationService"
127-->[:geolocator_android] AndroidManifest.xml:11:13-77
128            android:enabled="true"
128-->[:geolocator_android] AndroidManifest.xml:12:13-35
129            android:exported="false"
129-->[:geolocator_android] AndroidManifest.xml:13:13-37
130            android:foregroundServiceType="location" />
130-->[:geolocator_android] AndroidManifest.xml:14:13-53
131
132        <receiver
132-->[:awesome_notifications] AndroidManifest.xml:15:9-17:39
133            android:name="me.carda.awesome_notifications.DartNotificationActionReceiver"
133-->[:awesome_notifications] AndroidManifest.xml:16:13-89
134            android:exported="true" />
134-->[:awesome_notifications] AndroidManifest.xml:17:13-36
135        <receiver
135-->[:awesome_notifications] AndroidManifest.xml:18:9-20:39
136            android:name="me.carda.awesome_notifications.DartDismissedNotificationReceiver"
136-->[:awesome_notifications] AndroidManifest.xml:19:13-92
137            android:exported="true" />
137-->[:awesome_notifications] AndroidManifest.xml:20:13-36
138        <receiver
138-->[:awesome_notifications] AndroidManifest.xml:21:9-23:39
139            android:name="me.carda.awesome_notifications.DartScheduledNotificationReceiver"
139-->[:awesome_notifications] AndroidManifest.xml:22:13-92
140            android:exported="true" />
140-->[:awesome_notifications] AndroidManifest.xml:23:13-36
141        <receiver
141-->[:awesome_notifications] AndroidManifest.xml:24:9-38:20
142            android:name="me.carda.awesome_notifications.DartRefreshSchedulesReceiver"
142-->[:awesome_notifications] AndroidManifest.xml:25:13-87
143            android:enabled="true"
143-->[:awesome_notifications] AndroidManifest.xml:26:13-35
144            android:exported="true" >
144-->[:awesome_notifications] AndroidManifest.xml:27:13-36
145            <intent-filter>
145-->[:awesome_notifications] AndroidManifest.xml:28:13-37:29
146                <category android:name="android.intent.category.DEFAULT" />
146-->[:awesome_notifications] AndroidManifest.xml:29:17-76
146-->[:awesome_notifications] AndroidManifest.xml:29:27-73
147
148                <action android:name="android.intent.action.BOOT_COMPLETED" />
148-->[:awesome_notifications] AndroidManifest.xml:31:17-79
148-->[:awesome_notifications] AndroidManifest.xml:31:25-76
149                <action android:name="android.intent.action.LOCKED_BOOT_COMPLETED" />
149-->[:awesome_notifications] AndroidManifest.xml:32:17-86
149-->[:awesome_notifications] AndroidManifest.xml:32:25-83
150                <action android:name="android.intent.action.MY_PACKAGE_REPLACED" />
150-->[:awesome_notifications] AndroidManifest.xml:33:17-84
150-->[:awesome_notifications] AndroidManifest.xml:33:25-81
151                <action android:name="android.intent.action.QUICKBOOT_POWERON" />
151-->[:awesome_notifications] AndroidManifest.xml:34:17-82
151-->[:awesome_notifications] AndroidManifest.xml:34:25-79
152                <action android:name="com.htc.intent.action.QUICKBOOT_POWERON" />
152-->[:awesome_notifications] AndroidManifest.xml:35:17-82
152-->[:awesome_notifications] AndroidManifest.xml:35:25-79
153                <action android:name="android.app.action.SCHEDULE_EXACT_ALARM_PERMISSION_STATE_CHANGED" />
153-->[:awesome_notifications] AndroidManifest.xml:36:17-107
153-->[:awesome_notifications] AndroidManifest.xml:36:25-104
154            </intent-filter>
155        </receiver>
156
157        <service
157-->[:awesome_notifications] AndroidManifest.xml:40:9-43:72
158            android:name="me.carda.awesome_notifications.DartBackgroundService"
158-->[:awesome_notifications] AndroidManifest.xml:41:13-80
159            android:exported="false"
159-->[:awesome_notifications] AndroidManifest.xml:42:13-37
160            android:permission="android.permission.BIND_JOB_SERVICE" />
160-->[:awesome_notifications] AndroidManifest.xml:43:13-69
161        <service
161-->[:awesome_notifications] AndroidManifest.xml:44:9-49:43
162            android:name="me.carda.awesome_notifications.core.services.ForegroundService"
162-->[:awesome_notifications] AndroidManifest.xml:45:13-90
163            android:enabled="true"
163-->[:awesome_notifications] AndroidManifest.xml:46:13-35
164            android:exported="false"
164-->[:awesome_notifications] AndroidManifest.xml:47:13-37
165            android:foregroundServiceType="phoneCall"
165-->[:awesome_notifications] AndroidManifest.xml:48:13-54
166            android:stopWithTask="true" />
166-->[:awesome_notifications] AndroidManifest.xml:49:13-40
167
168        <activity
168-->[:url_launcher_android] AndroidManifest.xml:10:9-13:74
169            android:name="io.flutter.plugins.urllauncher.WebViewActivity"
169-->[:url_launcher_android] AndroidManifest.xml:11:13-74
170            android:exported="false"
170-->[:url_launcher_android] AndroidManifest.xml:12:13-37
171            android:theme="@android:style/Theme.NoTitleBar.Fullscreen" />
171-->[:url_launcher_android] AndroidManifest.xml:13:13-71
172
173        <service
173-->[me.carda:AndroidAwnCore:0.8.3] AndroidManifest.xml:21:9-28:19
174            android:name="me.carda.awesome_notifications.core.managers.StatusBarManager"
174-->[me.carda:AndroidAwnCore:0.8.3] AndroidManifest.xml:22:13-89
175            android:exported="true"
175-->[me.carda:AndroidAwnCore:0.8.3] AndroidManifest.xml:23:13-36
176            android:label="My Notification Listener Service" >
176-->[me.carda:AndroidAwnCore:0.8.3] AndroidManifest.xml:24:13-61
177            <intent-filter>
177-->[me.carda:AndroidAwnCore:0.8.3] AndroidManifest.xml:25:13-27:29
178                <action android:name="android.service.notification.NotificationListenerService" />
178-->[me.carda:AndroidAwnCore:0.8.3] AndroidManifest.xml:26:17-99
178-->[me.carda:AndroidAwnCore:0.8.3] AndroidManifest.xml:26:25-96
179            </intent-filter>
180        </service>
181
182        <activity
182-->[com.google.firebase:firebase-auth:22.3.1] AndroidManifest.xml:29:9-46:20
183            android:name="com.google.firebase.auth.internal.GenericIdpActivity"
183-->[com.google.firebase:firebase-auth:22.3.1] AndroidManifest.xml:30:13-80
184            android:excludeFromRecents="true"
184-->[com.google.firebase:firebase-auth:22.3.1] AndroidManifest.xml:31:13-46
185            android:exported="true"
185-->[com.google.firebase:firebase-auth:22.3.1] AndroidManifest.xml:32:13-36
186            android:launchMode="singleTask"
186-->[com.google.firebase:firebase-auth:22.3.1] AndroidManifest.xml:33:13-44
187            android:theme="@android:style/Theme.Translucent.NoTitleBar" >
187-->[com.google.firebase:firebase-auth:22.3.1] AndroidManifest.xml:34:13-72
188            <intent-filter>
188-->[com.google.firebase:firebase-auth:22.3.1] AndroidManifest.xml:35:13-45:29
189                <action android:name="android.intent.action.VIEW" />
189-->[com.google.firebase:firebase-auth:22.3.1] AndroidManifest.xml:36:17-69
189-->[com.google.firebase:firebase-auth:22.3.1] AndroidManifest.xml:36:25-66
190
191                <category android:name="android.intent.category.DEFAULT" />
191-->[:awesome_notifications] AndroidManifest.xml:29:17-76
191-->[:awesome_notifications] AndroidManifest.xml:29:27-73
192                <category android:name="android.intent.category.BROWSABLE" />
192-->[com.google.firebase:firebase-auth:22.3.1] AndroidManifest.xml:39:17-78
192-->[com.google.firebase:firebase-auth:22.3.1] AndroidManifest.xml:39:27-75
193
194                <data
194-->[com.google.firebase:firebase-auth:22.3.1] AndroidManifest.xml:41:17-44:51
195                    android:host="firebase.auth"
195-->[com.google.firebase:firebase-auth:22.3.1] AndroidManifest.xml:42:21-49
196                    android:path="/"
196-->[com.google.firebase:firebase-auth:22.3.1] AndroidManifest.xml:43:21-37
197                    android:scheme="genericidp" />
197-->[com.google.firebase:firebase-auth:22.3.1] AndroidManifest.xml:44:21-48
198            </intent-filter>
199        </activity>
200        <activity
200-->[com.google.firebase:firebase-auth:22.3.1] AndroidManifest.xml:47:9-64:20
201            android:name="com.google.firebase.auth.internal.RecaptchaActivity"
201-->[com.google.firebase:firebase-auth:22.3.1] AndroidManifest.xml:48:13-79
202            android:excludeFromRecents="true"
202-->[com.google.firebase:firebase-auth:22.3.1] AndroidManifest.xml:49:13-46
203            android:exported="true"
203-->[com.google.firebase:firebase-auth:22.3.1] AndroidManifest.xml:50:13-36
204            android:launchMode="singleTask"
204-->[com.google.firebase:firebase-auth:22.3.1] AndroidManifest.xml:51:13-44
205            android:theme="@android:style/Theme.Translucent.NoTitleBar" >
205-->[com.google.firebase:firebase-auth:22.3.1] AndroidManifest.xml:52:13-72
206            <intent-filter>
206-->[com.google.firebase:firebase-auth:22.3.1] AndroidManifest.xml:53:13-63:29
207                <action android:name="android.intent.action.VIEW" />
207-->[com.google.firebase:firebase-auth:22.3.1] AndroidManifest.xml:36:17-69
207-->[com.google.firebase:firebase-auth:22.3.1] AndroidManifest.xml:36:25-66
208
209                <category android:name="android.intent.category.DEFAULT" />
209-->[:awesome_notifications] AndroidManifest.xml:29:17-76
209-->[:awesome_notifications] AndroidManifest.xml:29:27-73
210                <category android:name="android.intent.category.BROWSABLE" />
210-->[com.google.firebase:firebase-auth:22.3.1] AndroidManifest.xml:39:17-78
210-->[com.google.firebase:firebase-auth:22.3.1] AndroidManifest.xml:39:27-75
211
212                <data
212-->[com.google.firebase:firebase-auth:22.3.1] AndroidManifest.xml:41:17-44:51
213                    android:host="firebase.auth"
213-->[com.google.firebase:firebase-auth:22.3.1] AndroidManifest.xml:42:21-49
214                    android:path="/"
214-->[com.google.firebase:firebase-auth:22.3.1] AndroidManifest.xml:43:21-37
215                    android:scheme="recaptcha" />
215-->[com.google.firebase:firebase-auth:22.3.1] AndroidManifest.xml:44:21-48
216            </intent-filter>
217        </activity>
218
219        <property
219-->[com.google.android.gms:play-services-measurement-api:21.5.0] AndroidManifest.xml:30:9-32:61
220            android:name="android.adservices.AD_SERVICES_CONFIG"
220-->[com.google.android.gms:play-services-measurement-api:21.5.0] AndroidManifest.xml:31:13-65
221            android:resource="@xml/ga_ad_services_config" />
221-->[com.google.android.gms:play-services-measurement-api:21.5.0] AndroidManifest.xml:32:13-58
222
223        <provider
223-->[com.google.firebase:firebase-common:20.4.2] AndroidManifest.xml:23:9-28:39
224            android:name="com.google.firebase.provider.FirebaseInitProvider"
224-->[com.google.firebase:firebase-common:20.4.2] AndroidManifest.xml:24:13-77
225            android:authorities="com.example.lab3.firebaseinitprovider"
225-->[com.google.firebase:firebase-common:20.4.2] AndroidManifest.xml:25:13-72
226            android:directBootAware="true"
226-->[com.google.firebase:firebase-common:20.4.2] AndroidManifest.xml:26:13-43
227            android:exported="false"
227-->[com.google.firebase:firebase-common:20.4.2] AndroidManifest.xml:27:13-37
228            android:initOrder="100" />
228-->[com.google.firebase:firebase-common:20.4.2] AndroidManifest.xml:28:13-36
229
230        <service
230-->[androidx.room:room-runtime:2.5.0] AndroidManifest.xml:24:9-28:63
231            android:name="androidx.room.MultiInstanceInvalidationService"
231-->[androidx.room:room-runtime:2.5.0] AndroidManifest.xml:25:13-74
232            android:directBootAware="true"
232-->[androidx.room:room-runtime:2.5.0] AndroidManifest.xml:26:13-43
233            android:exported="false" />
233-->[androidx.room:room-runtime:2.5.0] AndroidManifest.xml:27:13-37
234
235        <activity
235-->[com.google.android.gms:play-services-base:18.1.0] AndroidManifest.xml:20:9-22:45
236            android:name="com.google.android.gms.common.api.GoogleApiActivity"
236-->[com.google.android.gms:play-services-base:18.1.0] AndroidManifest.xml:20:19-85
237            android:exported="false"
237-->[com.google.android.gms:play-services-base:18.1.0] AndroidManifest.xml:22:19-43
238            android:theme="@android:style/Theme.Translucent.NoTitleBar" />
238-->[com.google.android.gms:play-services-base:18.1.0] AndroidManifest.xml:21:19-78
239
240        <uses-library
240-->[androidx.window:window:1.0.0-beta04] AndroidManifest.xml:25:9-27:40
241            android:name="androidx.window.extensions"
241-->[androidx.window:window:1.0.0-beta04] AndroidManifest.xml:26:13-54
242            android:required="false" />
242-->[androidx.window:window:1.0.0-beta04] AndroidManifest.xml:27:13-37
243        <uses-library
243-->[androidx.window:window:1.0.0-beta04] AndroidManifest.xml:28:9-30:40
244            android:name="androidx.window.sidecar"
244-->[androidx.window:window:1.0.0-beta04] AndroidManifest.xml:29:13-51
245            android:required="false" />
245-->[androidx.window:window:1.0.0-beta04] AndroidManifest.xml:30:13-37
246
247        <receiver
247-->[com.google.android.gms:play-services-measurement:21.5.0] AndroidManifest.xml:29:9-33:20
248            android:name="com.google.android.gms.measurement.AppMeasurementReceiver"
248-->[com.google.android.gms:play-services-measurement:21.5.0] AndroidManifest.xml:30:13-85
249            android:enabled="true"
249-->[com.google.android.gms:play-services-measurement:21.5.0] AndroidManifest.xml:31:13-35
250            android:exported="false" >
250-->[com.google.android.gms:play-services-measurement:21.5.0] AndroidManifest.xml:32:13-37
251        </receiver>
252
253        <service
253-->[com.google.android.gms:play-services-measurement:21.5.0] AndroidManifest.xml:35:9-38:40
254            android:name="com.google.android.gms.measurement.AppMeasurementService"
254-->[com.google.android.gms:play-services-measurement:21.5.0] AndroidManifest.xml:36:13-84
255            android:enabled="true"
255-->[com.google.android.gms:play-services-measurement:21.5.0] AndroidManifest.xml:37:13-35
256            android:exported="false" />
256-->[com.google.android.gms:play-services-measurement:21.5.0] AndroidManifest.xml:38:13-37
257        <service
257-->[com.google.android.gms:play-services-measurement:21.5.0] AndroidManifest.xml:39:9-43:72
258            android:name="com.google.android.gms.measurement.AppMeasurementJobService"
258-->[com.google.android.gms:play-services-measurement:21.5.0] AndroidManifest.xml:40:13-87
259            android:enabled="true"
259-->[com.google.android.gms:play-services-measurement:21.5.0] AndroidManifest.xml:41:13-35
260            android:exported="false"
260-->[com.google.android.gms:play-services-measurement:21.5.0] AndroidManifest.xml:42:13-37
261            android:permission="android.permission.BIND_JOB_SERVICE" />
261-->[com.google.android.gms:play-services-measurement:21.5.0] AndroidManifest.xml:43:13-69
262
263        <provider
263-->[androidx.emoji2:emoji2:1.2.0] AndroidManifest.xml:24:9-32:20
264            android:name="androidx.startup.InitializationProvider"
264-->[androidx.emoji2:emoji2:1.2.0] AndroidManifest.xml:25:13-67
265            android:authorities="com.example.lab3.androidx-startup"